Using pre-set license
Built from '2022.2/release' branch; Version is '2022.2.0f1 (35dcd44975df) revision 3529940'; Using compiler version '192829333'; Build Type 'Release'
OS: 'Windows 11  (10.0.22621) 64bit Professional' Language: 'en' Physical Memory: 16305 MB
BatchMode: 1, IsHumanControllingUs: 0, StartBugReporterOnCrash: 0, Is64bit: 1, IsPro: 1

COMMAND LINE ARGUMENTS:
C:\Program Files\Unity\Hub\Editor\2022.2.0f1\Editor\Unity.exe
-adb2
-batchMode
-noUpm
-name
AssetImportWorker4
-projectPath
F:/Github Repos/ZombieProject/HordeFPS
-logFile
Logs/AssetImportWorker4.log
-srvPort
64139
Successfully changed project path to: F:/Github Repos/ZombieProject/HordeFPS
F:/Github Repos/ZombieProject/HordeFPS
[UnityMemory] Configuration Parameters - Can be set up in boot.config
    "memorysetup-bucket-allocator-granularity=16"
    "memorysetup-bucket-allocator-bucket-count=8"
    "memorysetup-bucket-allocator-block-size=33554432"
    "memorysetup-bucket-allocator-block-count=8"
    "memorysetup-main-allocator-block-size=16777216"
    "memorysetup-thread-allocator-block-size=16777216"
    "memorysetup-gfx-main-allocator-block-size=16777216"
    "memorysetup-gfx-thread-allocator-block-size=16777216"
    "memorysetup-cache-allocator-block-size=4194304"
    "memorysetup-typetree-allocator-block-size=2097152"
    "memorysetup-profiler-bucket-allocator-granularity=16"
    "memorysetup-profiler-bucket-allocator-bucket-count=8"
    "memorysetup-profiler-bucket-allocator-block-size=33554432"
    "memorysetup-profiler-bucket-allocator-block-count=8"
    "memorysetup-profiler-allocator-block-size=16777216"
    "memorysetup-profiler-editor-allocator-block-size=1048576"
    "memorysetup-temp-allocator-size-main=16777216"
    "memorysetup-job-temp-allocator-block-size=2097152"
    "memorysetup-job-temp-allocator-block-size-background=1048576"
    "memorysetup-job-temp-allocator-reduction-small-platforms=262144"
    "memorysetup-temp-allocator-size-background-worker=32768"
    "memorysetup-temp-allocator-size-job-worker=262144"
    "memorysetup-temp-allocator-size-preload-manager=33554432"
    "memorysetup-temp-allocator-size-nav-mesh-worker=65536"
    "memorysetup-temp-allocator-size-audio-worker=65536"
    "memorysetup-temp-allocator-size-cloud-worker=32768"
    "memorysetup-temp-allocator-size-gi-baking-worker=262144"
    "memorysetup-temp-allocator-size-gfx=262144"
Player connection [22232] Host "[IP] 192.168.0.35 [Port] 0 [Flags] 2 [Guid] 3985724761 [EditorId] 3985724761 [Version] 1048832 [Id] WindowsEditor(7,DESKTOP-1MJ1I9L) [Debug] 1 [PackageName] WindowsEditor [ProjectName] Editor" joined multi-casting on [225.0.0.222:54997]...

Player connection [22232] Host "[IP] 192.168.0.35 [Port] 0 [Flags] 2 [Guid] 3985724761 [EditorId] 3985724761 [Version] 1048832 [Id] WindowsEditor(7,DESKTOP-1MJ1I9L) [Debug] 1 [PackageName] WindowsEditor [ProjectName] Editor" joined alternative multi-casting on [225.0.0.222:34997]...

Refreshing native plugins compatible for Editor in 16.41 ms, found 2 plugins.
Preloading 0 native plugins for Editor in 0.00 ms.
Initialize engine version: 2022.2.0f1 (35dcd44975df)
[Subsystems] Discovering subsystems at path C:/Program Files/Unity/Hub/Editor/2022.2.0f1/Editor/Data/Resources/UnitySubsystems
[Subsystems] Discovering subsystems at path F:/Github Repos/ZombieProject/HordeFPS/Assets
GfxDevice: creating device client; threaded=0; jobified=0
Direct3D:
    Version:  Direct3D 11.0 [level 11.1]
    Renderer: NVIDIA GeForce RTX 2070 (ID=0x1f02)
    Vendor:   NVIDIA
    VRAM:     8019 MB
    Driver:   31.0.15.3640
Initialize mono
Mono path[0] = 'C:/Program Files/Unity/Hub/Editor/2022.2.0f1/Editor/Data/Managed'
Mono path[1] = 'C:/Program Files/Unity/Hub/Editor/2022.2.0f1/Editor/Data/MonoBleedingEdge/lib/mono/unityjit-win32'
Mono config path = 'C:/Program Files/Unity/Hub/Editor/2022.2.0f1/Editor/Data/MonoBleedingEdge/etc'
Using monoOptions --debugger-agent=transport=dt_socket,embedding=1,server=y,suspend=n,address=127.0.0.1:56924
Begin MonoManager ReloadAssembly
Registering precompiled unity dll's ...
Register platform support module: C:/Program Files/Unity/Hub/Editor/2022.2.0f1/Editor/Data/PlaybackEngines/WindowsStandaloneSupport/UnityEditor.WindowsStandalone.Extensions.dll
Registered in 0.005915 seconds.
- Loaded All Assemblies, in  0.320 seconds
Native extension for WindowsStandalone target not found
Mono: successfully reloaded assembly
- Finished resetting the current domain, in  0.245 seconds
Domain Reload Profiling:
	ReloadAssembly (179ms)
		BeginReloadAssembly (69ms)
			ExecutionOrderSort (0ms)
			DisableScriptedObjects (0ms)
			BackupInstance (0ms)
			ReleaseScriptingObjects (0ms)
			CreateAndSetChildDomain (1ms)
		LoadAllAssembliesAndSetupDomain (0ms)
			LoadAssemblies (66ms)
			RebuildTransferFunctionScriptingTraits (0ms)
			SetupTypeCache (134ms)
				TypeCache.Initialize (133ms)
					TypeCache.ScanAssembly (132ms)
				ResolveRequiredComponents (0ms)
		FinalizeReload (0ms)
			ReleaseScriptCaches (0ms)
			RebuildScriptCaches (0ms)
			SetupLoadedEditorAssemblies (191ms)
				LogAssemblyErrors (0ms)
				InitializePlatformSupportModulesInManaged (8ms)
				SetLoadedEditorAssemblies (7ms)
				RefreshPlugins (0ms)
				BeforeProcessingInitializeOnLoad (1ms)
				ProcessInitializeOnLoadAttributes (127ms)
				ProcessInitializeOnLoadMethodAttributes (49ms)
				AfterProcessingInitializeOnLoad (0ms)
				EditorAssembliesLoaded (0ms)
			ExecutionOrderSort2 (0ms)
			AwakeInstancesAfterBackupRestoration (0ms)
========================================================================
Worker process is ready to serve import requests
Begin MonoManager ReloadAssembly
- Loaded All Assemblies, in  0.548 seconds
Refreshing native plugins compatible for Editor in 8.61 ms, found 2 plugins.
Native extension for WindowsStandalone target not found
Mono: successfully reloaded assembly
- Finished resetting the current domain, in  0.662 seconds
Domain Reload Profiling:
	ReloadAssembly (199ms)
		BeginReloadAssembly (110ms)
			ExecutionOrderSort (0ms)
			DisableScriptedObjects (7ms)
			BackupInstance (0ms)
			ReleaseScriptingObjects (0ms)
			CreateAndSetChildDomain (18ms)
		LoadAllAssembliesAndSetupDomain (347ms)
			LoadAssemblies (87ms)
			RebuildTransferFunctionScriptingTraits (0ms)
			SetupTypeCache (306ms)
				TypeCache.Initialize (206ms)
					TypeCache.ScanAssembly (203ms)
				ResolveRequiredComponents (3ms)
		FinalizeReload (0ms)
			ReleaseScriptCaches (0ms)
			RebuildScriptCaches (0ms)
			SetupLoadedEditorAssemblies (527ms)
				LogAssemblyErrors (0ms)
				InitializePlatformSupportModulesInManaged (6ms)
				SetLoadedEditorAssemblies (6ms)
				RefreshPlugins (0ms)
				BeforeProcessingInitializeOnLoad (66ms)
				ProcessInitializeOnLoadAttributes (310ms)
				ProcessInitializeOnLoadMethodAttributes (132ms)
				AfterProcessingInitializeOnLoad (7ms)
				EditorAssembliesLoaded (0ms)
			ExecutionOrderSort2 (0ms)
			AwakeInstancesAfterBackupRestoration (6ms)
Launched and connected shader compiler UnityShaderCompiler.exe after 0.04 seconds
Refreshing native plugins compatible for Editor in 8.74 ms, found 2 plugins.
Preloading 0 native plugins for Editor in 0.00 ms.
Unloading 3370 Unused Serialized files (Serialized files now loaded: 0)
Unloading 76 unused Assets / (1.4 MB). Loaded Objects now: 3799.
Memory consumption went from 0.52 GB to 0.52 GB.
Total: 5.566800 ms (FindLiveObjects: 0.266400 ms CreateObjectMapping: 0.290000 ms MarkObjects: 4.718600 ms  DeleteObjects: 0.291100 ms)

AssetImportParameters requested are different than current active one (requested -> active):
  custom:container-demuxer-ogg: 62fdf1f143b41e24485cea50d1cbac27 -> 
  custom:video-codec-MediaFoundation-h265: 746d11721c4dcdbdad8f713fa42b33f4 -> 
  custom:video-decoder-ogg-theora: a1e56fd34408186e4bbccfd4996cb3dc -> 
  custom:framework-win-MediaFoundation: 216162199b28c13a410421893ffa2e32 -> 
  custom:container-demuxer-webm: 4f35f7cbe854078d1ac9338744f61a02 -> 
  custom:container-muxer-webm: aa71ff27fc2769a1b78a27578f13a17b -> 
  custom:video-decoder-webm-vp8: 9c59270c3fd7afecdb556c50c9e8de78 -> 
  custom:AudioImporter_EditorPlatform: d09bf68614088b80899f8185d706f6e7 -> 
  custom:video-encoder-webm-vp8: eb34c28f22e8b96e1ab97ce403110664 -> 
  custom:audio-decoder-ogg-vorbis: bf7c407c2cedff20999df2af8eb42d56 -> 
  custom:audio-encoder-webm-vorbis: bf7c407c2cedff20999df2af8eb42d56 -> 
========================================================================
Received Import Request.
  Time since last request: 37813.966189 seconds.
  path: Assets/M4A1_Materials/ReceiverRight.mat
  artifactKey: Guid(2c786fecd012dfc49a619370d4bb8019) Importer(815301076,1909f56bfc062723c751e8b465ee728b)
Number of updated assets reloaded before import = 0
Start importing Assets/M4A1_Materials/ReceiverRight.mat using Guid(2c786fecd012dfc49a619370d4bb8019) Importer(815301076,1909f56bfc062723c751e8b465ee728b)  -> (artifact id: '6307a2088e6af6ed858ffc6f1de7b439') in 0.103548 seconds 
Number of asset objects unloaded after import = 1
========================================================================
Received Import Request.
  Time since last request: 0.000013 seconds.
  path: Assets/Textures/Materials/RifleMatTemp.mat
  artifactKey: Guid(0ec2f955d760a164aa0d8bc3e278e6ae) Importer(815301076,1909f56bfc062723c751e8b465ee728b)
Number of updated assets reloaded before import = 0
Start importing Assets/Textures/Materials/RifleMatTemp.mat using Guid(0ec2f955d760a164aa0d8bc3e278e6ae) Importer(815301076,1909f56bfc062723c751e8b465ee728b)  -> (artifact id: 'dd8c027d31373ea487b14cb60e9e9ce6') in 0.015020 seconds 
Number of asset objects unloaded after import = 2
========================================================================
Received Import Request.
  Time since last request: 0.000013 seconds.
  path: Assets/TextMesh Pro/Examples & Extras/Resources/Fonts & Materials/Roboto-Bold SDF - Surface.mat
  artifactKey: Guid(e6b276ec991f467aa14ef1f3cc665993) Importer(815301076,1909f56bfc062723c751e8b465ee728b)
Number of updated assets reloaded before import = 0
Start importing Assets/TextMesh Pro/Examples & Extras/Resources/Fonts & Materials/Roboto-Bold SDF - Surface.mat using Guid(e6b276ec991f467aa14ef1f3cc665993) Importer(815301076,1909f56bfc062723c751e8b465ee728b)  -> (artifact id: 'd091122038a8f59bd6f52c776d0ee35f') in 0.229939 seconds 
Number of asset objects unloaded after import = 2
========================================================================
Received Import Request.
  Time since last request: 0.000015 seconds.
  path: Assets/Models/Materials/StockPipe.mat
  artifactKey: Guid(62079de947044d748943ed33634e02d1) Importer(815301076,1909f56bfc062723c751e8b465ee728b)
Number of updated assets reloaded before import = 0
Start importing Assets/Models/Materials/StockPipe.mat using Guid(62079de947044d748943ed33634e02d1) Importer(815301076,1909f56bfc062723c751e8b465ee728b)  -> (artifact id: 'd2f0eae99e1f185656cb3a0124f94236') in 0.012199 seconds 
Number of asset objects unloaded after import = 1
========================================================================
Received Import Request.
  Time since last request: 0.000023 seconds.
  path: Assets/Models/Materials/SteelGrip.mat
  artifactKey: Guid(0e96e571dcf663c428b41667133b60ae) Importer(815301076,1909f56bfc062723c751e8b465ee728b)
Number of updated assets reloaded before import = 0
Start importing Assets/Models/Materials/SteelGrip.mat using Guid(0e96e571dcf663c428b41667133b60ae) Importer(815301076,1909f56bfc062723c751e8b465ee728b)  -> (artifact id: '4917307f7938b80ee3cdf4be069c4ccd') in 0.014335 seconds 
Number of asset objects unloaded after import = 1
========================================================================
Received Import Request.
  Time since last request: 0.000016 seconds.
  path: Packages/com.unity.probuilder/Content/Resources/Materials/Trigger.mat
  artifactKey: Guid(a1e97cbf2538241b691aae8243b5fb10) Importer(815301076,1909f56bfc062723c751e8b465ee728b)
Number of updated assets reloaded before import = 0
Start importing Packages/com.unity.probuilder/Content/Resources/Materials/Trigger.mat using Guid(a1e97cbf2538241b691aae8243b5fb10) Importer(815301076,1909f56bfc062723c751e8b465ee728b)  -> (artifact id: 'd03dd2e36c709c65cbcf404298edb689') in 0.016355 seconds 
Number of asset objects unloaded after import = 2
========================================================================
Received Import Request.
  Time since last request: 0.000015 seconds.
  path: Assets/M4A1_Materials/SteelScrew.mat
  artifactKey: Guid(fc62217368a2b694cb851d86efdd9a9c) Importer(815301076,1909f56bfc062723c751e8b465ee728b)
Number of updated assets reloaded before import = 0
Start importing Assets/M4A1_Materials/SteelScrew.mat using Guid(fc62217368a2b694cb851d86efdd9a9c) Importer(815301076,1909f56bfc062723c751e8b465ee728b)  -> (artifact id: 'f7dadae16a30608ca432f66747b0319e') in 0.013909 seconds 
Number of asset objects unloaded after import = 1
========================================================================
Received Import Request.
  Time since last request: 0.000013 seconds.
  path: Assets/Models/Materials/SteelScrew.mat
  artifactKey: Guid(cb07ebe27bb00e5479ecefa950c70516) Importer(815301076,1909f56bfc062723c751e8b465ee728b)
Number of updated assets reloaded before import = 0
Start importing Assets/Models/Materials/SteelScrew.mat using Guid(cb07ebe27bb00e5479ecefa950c70516) Importer(815301076,1909f56bfc062723c751e8b465ee728b)  -> (artifact id: 'ac1c2240be10cb24f07c48485c5343aa') in 0.011665 seconds 
Number of asset objects unloaded after import = 1
========================================================================
Received Import Request.
  Time since last request: 0.000012 seconds.
  path: Assets/Models/Materials/STOCK_PI.mat
  artifactKey: Guid(99dc66eca5ab9294c8fc5b9ca4803177) Importer(815301076,1909f56bfc062723c751e8b465ee728b)
Number of updated assets reloaded before import = 0
Start importing Assets/Models/Materials/STOCK_PI.mat using Guid(99dc66eca5ab9294c8fc5b9ca4803177) Importer(815301076,1909f56bfc062723c751e8b465ee728b)  -> (artifact id: 'fccf49708369404714309e0e03023ff9') in 0.011931 seconds 
Number of asset objects unloaded after import = 1
========================================================================
Received Import Request.
  Time since last request: 0.000016 seconds.
  path: Assets/M4A1_Materials/SteelGrip.mat
  artifactKey: Guid(aed073217cd962a4b8be314a90fbed0e) Importer(815301076,1909f56bfc062723c751e8b465ee728b)
Number of updated assets reloaded before import = 0
Start importing Assets/M4A1_Materials/SteelGrip.mat using Guid(aed073217cd962a4b8be314a90fbed0e) Importer(815301076,1909f56bfc062723c751e8b465ee728b)  -> (artifact id: 'ad57da69cab779e2c20a4afff5b682a9') in 0.007724 seconds 
Number of asset objects unloaded after import = 1
========================================================================
Received Import Request.
  Time since last request: 0.000022 seconds.
  path: Packages/com.unity.probuilder/Content/Resources/Materials/StandardVertexColorHDRP.mat
  artifactKey: Guid(c35693c079f3840f7938a4a323096e84) Importer(815301076,1909f56bfc062723c751e8b465ee728b)
Number of updated assets reloaded before import = 0
Start importing Packages/com.unity.probuilder/Content/Resources/Materials/StandardVertexColorHDRP.mat using Guid(c35693c079f3840f7938a4a323096e84) Importer(815301076,1909f56bfc062723c751e8b465ee728b)  -> (artifact id: 'e12c71614bd1ec0eb8a1238356fabc23') in 0.015097 seconds 
Number of asset objects unloaded after import = 2
========================================================================
Received Import Request.
  Time since last request: 0.000013 seconds.
  path: Assets/Models/Contemporary Corner Sofa/Corner Sofa/Materials/wire_154154154.mat
  artifactKey: Guid(dc07bd6b2c93eeb4fb949ff514085d6b) Importer(815301076,1909f56bfc062723c751e8b465ee728b)
Number of updated assets reloaded before import = 0
Start importing Assets/Models/Contemporary Corner Sofa/Corner Sofa/Materials/wire_154154154.mat using Guid(dc07bd6b2c93eeb4fb949ff514085d6b) Importer(815301076,1909f56bfc062723c751e8b465ee728b)  -> (artifact id: '04a2d2457cf01d61a0c12eb56ed45753') in 0.013473 seconds 
Number of asset objects unloaded after import = 1
========================================================================
Received Import Request.
  Time since last request: 0.000014 seconds.
  path: Assets/Prefabs/Materials/Zombie Idle-Jill_HiMidRes_Body_MAT.mat
  artifactKey: Guid(4e431619200f431458675c00e4b02763) Importer(815301076,1909f56bfc062723c751e8b465ee728b)
Number of updated assets reloaded before import = 0
Start importing Assets/Prefabs/Materials/Zombie Idle-Jill_HiMidRes_Body_MAT.mat using Guid(4e431619200f431458675c00e4b02763) Importer(815301076,1909f56bfc062723c751e8b465ee728b)  -> (artifact id: '399c58a8a5c4b44a117e2693cc3f9c12') in 0.029363 seconds 
Number of asset objects unloaded after import = 3
========================================================================
Received Import Request.
  Time since last request: 0.000013 seconds.
  path: Assets/Prefabs/Materials/Zombie Idle-Jill_HiMidRes_Eyes_MAT.mat
  artifactKey: Guid(1daa8a88157ae1e4cba6f41002120dc6) Importer(815301076,1909f56bfc062723c751e8b465ee728b)
Number of updated assets reloaded before import = 0
Start importing Assets/Prefabs/Materials/Zombie Idle-Jill_HiMidRes_Eyes_MAT.mat using Guid(1daa8a88157ae1e4cba6f41002120dc6) Importer(815301076,1909f56bfc062723c751e8b465ee728b)  -> (artifact id: '7606d48cb0411935d7093390dbea15ba') in 0.017415 seconds 
Number of asset objects unloaded after import = 3
========================================================================
Received Import Request.
  Time since last request: 0.000012 seconds.
  path: Assets/M4A1_Materials/StockPipe.mat
  artifactKey: Guid(81e1d1cfe3f2972449fb75a188ee50ed) Importer(815301076,1909f56bfc062723c751e8b465ee728b)
Number of updated assets reloaded before import = 0
Start importing Assets/M4A1_Materials/StockPipe.mat using Guid(81e1d1cfe3f2972449fb75a188ee50ed) Importer(815301076,1909f56bfc062723c751e8b465ee728b)  -> (artifact id: 'cace9239c3e0bce10acd9e85ee6e8976') in 0.006018 seconds 
Number of asset objects unloaded after import = 1
========================================================================
Received Import Request.
  Time since last request: 0.000019 seconds.
  path: Assets/TextMesh Pro/Examples & Extras/Materials/Small Crate_diffuse.mat
  artifactKey: Guid(22262639920f43d6be32430e4e58350d) Importer(815301076,1909f56bfc062723c751e8b465ee728b)
Number of updated assets reloaded before import = 0
Start importing Assets/TextMesh Pro/Examples & Extras/Materials/Small Crate_diffuse.mat using Guid(22262639920f43d6be32430e4e58350d) Importer(815301076,1909f56bfc062723c751e8b465ee728b)  -> (artifact id: 'db0d0054ef2937afc734e95dfc3968bb') in 0.027935 seconds 
Number of asset objects unloaded after import = 3
========================================================================
Received Import Request.
  Time since last request: 0.112129 seconds.
  path: Assets/Prefabs/Materials/Zombie Idle-Jill_HiMidRes_EyeSpec_MAT.mat
  artifactKey: Guid(9a6638da65e4fcc4aa424c4fa19fc855) Importer(815301076,1909f56bfc062723c751e8b465ee728b)
Number of updated assets reloaded before import = 0
Start importing Assets/Prefabs/Materials/Zombie Idle-Jill_HiMidRes_EyeSpec_MAT.mat using Guid(9a6638da65e4fcc4aa424c4fa19fc855) Importer(815301076,1909f56bfc062723c751e8b465ee728b)  -> (artifact id: '6aec24ba6b2d8e85e3e6f907700fa358') in 0.443923 seconds 
Number of asset objects unloaded after import = 2
========================================================================
Received Import Request.
  Time since last request: 0.000027 seconds.
  path: Assets/Prefabs/Materials/Zombie Idle-Jill_HiMidRes_Gown_MAT.mat
  artifactKey: Guid(8d4edd0708048cd458de97da5eda10b0) Importer(815301076,1909f56bfc062723c751e8b465ee728b)
Number of updated assets reloaded before import = 0
Start importing Assets/Prefabs/Materials/Zombie Idle-Jill_HiMidRes_Gown_MAT.mat using Guid(8d4edd0708048cd458de97da5eda10b0) Importer(815301076,1909f56bfc062723c751e8b465ee728b)  -> (artifact id: '2db167145e2355e9a1f231fbabb014af') in 0.017217 seconds 
Number of asset objects unloaded after import = 3
========================================================================
Received Import Request.
  Time since last request: 6.810832 seconds.
  path: Assets/Prefabs/M4A1.prefab
  artifactKey: Guid(ae7abd44d7017294096b83ca6bf9e36b) Importer(815301076,1909f56bfc062723c751e8b465ee728b)
Number of updated assets reloaded before import = 0
Start importing Assets/Prefabs/M4A1.prefab using Guid(ae7abd44d7017294096b83ca6bf9e36b) Importer(815301076,1909f56bfc062723c751e8b465ee728b)  -> (artifact id: '0b7e8c011f2c69793bb36a12a772a85e') in 0.106533 seconds 
Number of asset objects unloaded after import = 362
========================================================================
Received Import Request.
  Time since last request: 1.058278 seconds.
  path: Assets/Prefabs/M4A1.prefab
  artifactKey: Guid(ae7abd44d7017294096b83ca6bf9e36b) Importer(815301076,1909f56bfc062723c751e8b465ee728b)
Number of updated assets reloaded before import = 0
Start importing Assets/Prefabs/M4A1.prefab using Guid(ae7abd44d7017294096b83ca6bf9e36b) Importer(815301076,1909f56bfc062723c751e8b465ee728b)  -> (artifact id: '4f03c3e62770992699e04b3847b51a0a') in 0.027333 seconds 
Number of asset objects unloaded after import = 362
========================================================================
Received Import Request.
  Time since last request: 96.016172 seconds.
  path: Assets/Inputs.cs
  artifactKey: Guid(e8bbbc8a3cf3f6c4f95a9b5751718f44) Importer(815301076,1909f56bfc062723c751e8b465ee728b)
Number of updated assets reloaded before import = 0
Start importing Assets/Inputs.cs using Guid(e8bbbc8a3cf3f6c4f95a9b5751718f44) Importer(815301076,1909f56bfc062723c751e8b465ee728b)  -> (artifact id: '799f1b4a02774593ec54638f8990e4b9') in 0.014047 seconds 
Number of asset objects unloaded after import = 0
========================================================================
Received Import Request.
  Time since last request: 27.711267 seconds.
  path: Assets/Inputs.inputactions
  artifactKey: Guid(b16c2a595b9aa594eafcafd9dfb968a4) Importer(815301076,1909f56bfc062723c751e8b465ee728b)
Number of updated assets reloaded before import = 0
Start importing Assets/Inputs.inputactions using Guid(b16c2a595b9aa594eafcafd9dfb968a4) Importer(815301076,1909f56bfc062723c751e8b465ee728b)  -> (artifact id: '0ecb76db74c040778731ab9f494bf74f') in 0.007840 seconds 
Number of asset objects unloaded after import = 12
========================================================================
Received Prepare
Begin MonoManager ReloadAssembly
- Loaded All Assemblies, in  0.564 seconds
Refreshing native plugins compatible for Editor in 9.97 ms, found 2 plugins.
Native extension for WindowsStandalone target not found
Mono: successfully reloaded assembly
- Finished resetting the current domain, in  0.869 seconds
Domain Reload Profiling:
	ReloadAssembly (210ms)
		BeginReloadAssembly (127ms)
			ExecutionOrderSort (0ms)
			DisableScriptedObjects (4ms)
			BackupInstance (0ms)
			ReleaseScriptingObjects (0ms)
			CreateAndSetChildDomain (36ms)
		LoadAllAssembliesAndSetupDomain (352ms)
			LoadAssemblies (86ms)
			RebuildTransferFunctionScriptingTraits (0ms)
			SetupTypeCache (317ms)
				TypeCache.Initialize (210ms)
					TypeCache.ScanAssembly (206ms)
				ResolveRequiredComponents (3ms)
		FinalizeReload (0ms)
			ReleaseScriptCaches (0ms)
			RebuildScriptCaches (0ms)
			SetupLoadedEditorAssemblies (493ms)
				LogAssemblyErrors (0ms)
				InitializePlatformSupportModulesInManaged (13ms)
				SetLoadedEditorAssemblies (6ms)
				RefreshPlugins (0ms)
				BeforeProcessingInitializeOnLoad (57ms)
				ProcessInitializeOnLoadAttributes (279ms)
				ProcessInitializeOnLoadMethodAttributes (130ms)
				AfterProcessingInitializeOnLoad (7ms)
				EditorAssembliesLoaded (0ms)
			ExecutionOrderSort2 (0ms)
			AwakeInstancesAfterBackupRestoration (6ms)
Refreshing native plugins compatible for Editor in 9.01 ms, found 2 plugins.
Preloading 0 native plugins for Editor in 0.00 ms.
Unloading 3307 Unused Serialized files (Serialized files now loaded: 0)
Unloading 73 unused Assets / (1.3 MB). Loaded Objects now: 3845.
Memory consumption went from 0.52 GB to 0.51 GB.
Total: 5.262900 ms (FindLiveObjects: 0.239400 ms CreateObjectMapping: 0.226100 ms MarkObjects: 4.515100 ms  DeleteObjects: 0.281600 ms)

AssetImportParameters requested are different than current active one (requested -> active):
  custom:container-demuxer-ogg: 62fdf1f143b41e24485cea50d1cbac27 -> 
  custom:video-codec-MediaFoundation-h265: 746d11721c4dcdbdad8f713fa42b33f4 -> 
  custom:video-decoder-ogg-theora: a1e56fd34408186e4bbccfd4996cb3dc -> 
  custom:framework-win-MediaFoundation: 216162199b28c13a410421893ffa2e32 -> 
  custom:container-demuxer-webm: 4f35f7cbe854078d1ac9338744f61a02 -> 
  custom:container-muxer-webm: aa71ff27fc2769a1b78a27578f13a17b -> 
  custom:video-decoder-webm-vp8: 9c59270c3fd7afecdb556c50c9e8de78 -> 
  custom:AudioImporter_EditorPlatform: d09bf68614088b80899f8185d706f6e7 -> 
  custom:video-encoder-webm-vp8: eb34c28f22e8b96e1ab97ce403110664 -> 
  custom:audio-decoder-ogg-vorbis: bf7c407c2cedff20999df2af8eb42d56 -> 
  custom:audio-encoder-webm-vorbis: bf7c407c2cedff20999df2af8eb42d56 -> 
========================================================================
Received Import Request.
  Time since last request: 8.137692 seconds.
  path: Assets/Inputs.inputactions
  artifactKey: Guid(b16c2a595b9aa594eafcafd9dfb968a4) Importer(815301076,1909f56bfc062723c751e8b465ee728b)
Number of updated assets reloaded before import = 0
Start importing Assets/Inputs.inputactions using Guid(b16c2a595b9aa594eafcafd9dfb968a4) Importer(815301076,1909f56bfc062723c751e8b465ee728b)  -> (artifact id: 'e9ba38e32d0b306cbbb24a193d86828a') in 0.016330 seconds 
Number of asset objects unloaded after import = 12
========================================================================
Received Prepare
Begin MonoManager ReloadAssembly
- Loaded All Assemblies, in  0.526 seconds
Refreshing native plugins compatible for Editor in 8.59 ms, found 2 plugins.
Native extension for WindowsStandalone target not found
Mono: successfully reloaded assembly
- Finished resetting the current domain, in  0.844 seconds
Domain Reload Profiling:
	ReloadAssembly (190ms)
		BeginReloadAssembly (122ms)
			ExecutionOrderSort (0ms)
			DisableScriptedObjects (4ms)
			BackupInstance (0ms)
			ReleaseScriptingObjects (0ms)
			CreateAndSetChildDomain (40ms)
		LoadAllAssembliesAndSetupDomain (334ms)
			LoadAssemblies (78ms)
			RebuildTransferFunctionScriptingTraits (0ms)
			SetupTypeCache (299ms)
				TypeCache.Initialize (196ms)
					TypeCache.ScanAssembly (192ms)
				ResolveRequiredComponents (3ms)
		FinalizeReload (0ms)
			ReleaseScriptCaches (0ms)
			RebuildScriptCaches (0ms)
			SetupLoadedEditorAssemblies (463ms)
				LogAssemblyErrors (0ms)
				InitializePlatformSupportModulesInManaged (11ms)
				SetLoadedEditorAssemblies (6ms)
				RefreshPlugins (0ms)
				BeforeProcessingInitializeOnLoad (54ms)
				ProcessInitializeOnLoadAttributes (262ms)
				ProcessInitializeOnLoadMethodAttributes (120ms)
				AfterProcessingInitializeOnLoad (9ms)
				EditorAssembliesLoaded (0ms)
			ExecutionOrderSort2 (0ms)
			AwakeInstancesAfterBackupRestoration (8ms)
Refreshing native plugins compatible for Editor in 8.83 ms, found 2 plugins.
Preloading 0 native plugins for Editor in 0.00 ms.
Unloading 3307 Unused Serialized files (Serialized files now loaded: 0)
Unloading 69 unused Assets / (1.3 MB). Loaded Objects now: 3848.
Memory consumption went from 0.52 GB to 0.51 GB.
Total: 5.858300 ms (FindLiveObjects: 0.227200 ms CreateObjectMapping: 0.231300 ms MarkObjects: 5.133200 ms  DeleteObjects: 0.265800 ms)

AssetImportParameters requested are different than current active one (requested -> active):
  custom:container-demuxer-ogg: 62fdf1f143b41e24485cea50d1cbac27 -> 
  custom:video-codec-MediaFoundation-h265: 746d11721c4dcdbdad8f713fa42b33f4 -> 
  custom:video-decoder-ogg-theora: a1e56fd34408186e4bbccfd4996cb3dc -> 
  custom:framework-win-MediaFoundation: 216162199b28c13a410421893ffa2e32 -> 
  custom:container-demuxer-webm: 4f35f7cbe854078d1ac9338744f61a02 -> 
  custom:container-muxer-webm: aa71ff27fc2769a1b78a27578f13a17b -> 
  custom:video-decoder-webm-vp8: 9c59270c3fd7afecdb556c50c9e8de78 -> 
  custom:AudioImporter_EditorPlatform: d09bf68614088b80899f8185d706f6e7 -> 
  custom:video-encoder-webm-vp8: eb34c28f22e8b96e1ab97ce403110664 -> 
  custom:audio-decoder-ogg-vorbis: bf7c407c2cedff20999df2af8eb42d56 -> 
  custom:audio-encoder-webm-vorbis: bf7c407c2cedff20999df2af8eb42d56 -> 
========================================================================
Received Import Request.
  Time since last request: 68.396964 seconds.
  path: Assets/Materials
  artifactKey: Guid(a338af77cae1cb1419820f51ade85276) Importer(815301076,1909f56bfc062723c751e8b465ee728b)
Number of updated assets reloaded before import = 0
Start importing Assets/Materials using Guid(a338af77cae1cb1419820f51ade85276) Importer(815301076,1909f56bfc062723c751e8b465ee728b)  -> (artifact id: 'be2727795b0a3b71ecb00d78db8fbec1') in 0.009432 seconds 
Number of asset objects unloaded after import = 0
========================================================================
Received Import Request.
  Time since last request: 3.687341 seconds.
  path: Assets/Scripts
  artifactKey: Guid(44e02ce98bee80c4dac7a7ec79edc797) Importer(815301076,1909f56bfc062723c751e8b465ee728b)
Number of updated assets reloaded before import = 0
Start importing Assets/Scripts using Guid(44e02ce98bee80c4dac7a7ec79edc797) Importer(815301076,1909f56bfc062723c751e8b465ee728b)  -> (artifact id: 'cd4c8926fccceccbc78050f83ae1569e') in 0.009869 seconds 
Number of asset objects unloaded after import = 0
========================================================================
Received Import Request.
  Time since last request: 5.383431 seconds.
  path: Assets/Scripts/WeaponData.cs
  artifactKey: Guid(f2df8379f9235ca4199ef2c8815085e1) Importer(815301076,1909f56bfc062723c751e8b465ee728b)
Number of updated assets reloaded before import = 0
Start importing Assets/Scripts/WeaponData.cs using Guid(f2df8379f9235ca4199ef2c8815085e1) Importer(815301076,1909f56bfc062723c751e8b465ee728b)  -> (artifact id: 'a41f2067a196e945f2faf67cb1a18bb0') in 0.008098 seconds 
Number of asset objects unloaded after import = 0
