
=== Thu Feb  7 11:17:04 2019

Packages were changed.
Update Mode: mergeDefaultDependencies

The following packages were updated:
  com.unity.collab-proxy from version 1.2.9 to 1.2.15
  com.unity.package-manager-ui from version 0.0.0-builtin to 2.1.1
  com.unity.timeline from version 0.0.0-builtin to 1.0.0

=== Sun Mar 17 20:21:37 2019

Packages were changed.
Update Mode: updateDependencies

The following packages were added:
  com.unity.2d.sprite@1.0.0
The following packages were updated:
  com.unity.collab-proxy from version 1.2.15 to 1.2.16
  com.unity.package-manager-ui from version 2.1.1 to 2.2.0
  com.unity.purchasing from version 2.0.1 to 2.0.6

=== Mon Sep 30 00:47:45 2019

Packages were changed.
Update Mode: updateDependencies

The following packages were added:
  com.unity.ide.vscode@1.0.7
  com.unity.ide.rider@1.1.0
The following packages were updated:
  com.unity.analytics from version 3.2.2 to 3.3.2
  com.unity.render-pipelines.core from version 5.2.3 to 7.0.1
  com.unity.shadergraph from version 5.2.3 to 7.0.1
  com.unity.textmeshpro from version 1.3.0 to 2.0.1
  com.unity.timeline from version 1.0.0 to 1.2.2
The following packages were removed:
  com.unity.package-manager-ui@2.2.0
